#
# There is insufficient memory for the Java Runtime Environment to continue.
# Native memory allocation (mmap) failed to map 65536 bytes for Failed to commit area from 0x000001f7e4080000 to 0x000001f7e4090000 of length 65536.
# Possible reasons:
#   The system is out of physical RAM or swap space
#   The process is running with CompressedOops enabled, and the Java Heap may be blocking the growth of the native heap
# Possible solutions:
#   Reduce memory load on the system
#   Increase physical memory or swap space
#   Check if swap backing store is full
#   Decrease Java heap size (-Xmx/-Xms)
#   Decrease number of Java threads
#   Decrease Java thread stack sizes (-Xss)
#   Set larger code cache with -XX:ReservedCodeCacheSize=
# This output file may be truncated or incomplete.
#
#  Out of Memory Error (t:/workspace/open/src/hotspot/os/windows/os_windows.cpp:3269), pid=36684, tid=15128
#
# JRE version:  (11.0+28) (build )
# Java VM: Java HotSpot(TM) 64-Bit Server VM (11+28, mixed mode, aot, sharing, tiered, compressed oops, g1 gc, windows-amd64)
# No core dump will be written. Minidumps are not enabled by default on client versions of Windows
#

---------------  S U M M A R Y ------------

Command Line: -javaagent:D:\IDEA\IntelliJ IDEA 2019.3.4\lib\idea_rt.jar=12275:D:\IDEA\IntelliJ IDEA 2019.3.4\bin -Dfile.encoding=UTF-8 test.FinalTest F:\bigwork_of_compile\src\test\helloworld.txt F:\bigwork_of_compile\src\test\out.o0

Host: Intel(R) Core(TM) i7-8550U CPU @ 1.80GHz, 8 cores, 7G,  Windows 10 , 64 bit Build 18362 (10.0.18362.959)
Time: Tue Dec  8 23:16:08 2020 ?D1¨²¡À¨º¡Á?¨º¡À?? elapsed time: 0 seconds (0d 0h 0m 0s)

---------------  T H R E A D  ---------------

Current thread (0x000001f7cc5ff000):  JavaThread "Unknown thread" [_thread_in_vm, id=15128, stack(0x000000379ae00000,0x000000379af00000)]

Stack: [0x000000379ae00000,0x000000379af00000]
Native frames: (J=compiled Java code, j=interpreted, Vv=VM code, C=native code)
V  [jvm.dll+0x63c22a]
V  [jvm.dll+0x7797ef]
V  [jvm.dll+0x77adda]
V  [jvm.dll+0x77b493]
V  [jvm.dll+0x262818]
V  [jvm.dll+0x6396da]
V  [jvm.dll+0x62dfb5]
V  [jvm.dll+0x31699c]
V  [jvm.dll+0x316822]
V  [jvm.dll+0x31c1ae]
V  [jvm.dll+0x3684fb]
V  [jvm.dll+0x367ed0]
V  [jvm.dll+0x2f38b8]
V  [jvm.dll+0x2f4a16]
V  [jvm.dll+0x752db7]
V  [jvm.dll+0x7544ff]
V  [jvm.dll+0x3752e9]
V  [jvm.dll+0x7394b9]
V  [jvm.dll+0x3e46fd]
V  [jvm.dll+0x3e69d1]
C  [java.exe+0x3603]
C  [java.exe+0x178dc]
C  [KERNEL32.DLL+0x17bd4]
C  [ntdll.dll+0x6ce51]


---------------  P R O C E S S  ---------------

Threads class SMR info:
_java_thread_list=0x000001f7ca4e8f30, length=0, elements={
}

Java Threads: ( => current thread )

Other Threads:
  0x000001f7cc614000 GCTaskThread "GC Thread#0" [stack: 0x000000379af00000,0x000000379b000000] [id=37440]
  0x000001f7cc645000 ConcurrentGCThread "G1 Main Marker" [stack: 0x000000379b000000,0x000000379b100000] [id=36236]
  0x000001f7cc647800 ConcurrentGCThread "G1 Conc#0" [stack: 0x000000379b100000,0x000000379b200000] [id=24076]

[error occurred during error reporting (printing all threads), id 0xc0000005, EXCEPTION_ACCESS_VIOLATION (0xc0000005) at pc=0x00007ffd9d1e2137]

VM state:not at safepoint (not fully initialized)

VM Mutex/Monitor currently owned by a thread:  ([mutex/lock_event])
[0x000001f7cc5fd830] Heap_lock - owner thread: 0x000001f7cc5ff000

Heap address: 0x0000000081600000, size: 2026 MB, Compressed Oops mode: Non-zero based: 0x0000000081600000
Narrow klass base: 0x0000000000000000, Narrow klass shift: 0

GC Heap History (0 events):
No events

Deoptimization events (0 events):
No events

Classes redefined (0 events):
No events

Internal exceptions (0 events):
No events

Events (0 events):
No events


Dynamic libraries:
0x00007ff72b890000 - 0x00007ff72b8d7000 	C:\Program Files\Java\jdk-11\bin\java.exe
0x00007ffe11ec0000 - 0x00007ffe120b0000 	C:\WINDOWS\SYSTEM32\ntdll.dll
0x00007ffe11c10000 - 0x00007ffe11cc2000 	C:\WINDOWS\System32\KERNEL32.DLL
0x00007ffe0f300000 - 0x00007ffe0f5a4000 	C:\WINDOWS\System32\KERNELBASE.dll
0x00007ffe10040000 - 0x00007ffe100e3000 	C:\WINDOWS\System32\ADVAPI32.dll
0x00007ffe11b70000 - 0x00007ffe11c0e000 	C:\WINDOWS\System32\msvcrt.dll
0x00007ffe10170000 - 0x00007ffe10207000 	C:\WINDOWS\System32\sechost.dll
0x00007ffe11a50000 - 0x00007ffe11b70000 	C:\WINDOWS\System32\RPCRT4.dll
0x00007ffe115b0000 - 0x00007ffe11745000 	C:\WINDOWS\System32\USER32.dll
0x00007ffe0f130000 - 0x00007ffe0f151000 	C:\WINDOWS\System32\win32u.dll
0x00007ffe10210000 - 0x00007ffe10236000 	C:\WINDOWS\System32\GDI32.dll
0x00007ffe0ef40000 - 0x00007ffe0f0d6000 	C:\WINDOWS\System32\gdi32full.dll
0x00007ffe0f160000 - 0x00007ffe0f1fe000 	C:\WINDOWS\System32\msvcp_win.dll
0x00007ffe0ee40000 - 0x00007ffe0ef3a000 	C:\WINDOWS\System32\ucrtbase.dll
0x00007ffdfb230000 - 0x00007ffdfb4b4000 	C:\WINDOWS\WinSxS\amd64_microsoft.windows.common-controls_6595b64144ccf1df_6.0.18362.1016_none_9e7a36bbe461dae4\COMCTL32.dll
0x00007ffe071e0000 - 0x00007ffe071ea000 	C:\WINDOWS\SYSTEM32\VERSION.dll
0x00007ffe11050000 - 0x00007ffe11385000 	C:\WINDOWS\System32\combase.dll
0x00007ffe0f5b0000 - 0x00007ffe0f630000 	C:\WINDOWS\System32\bcryptPrimitives.dll
0x00007ffe11510000 - 0x00007ffe1153e000 	C:\WINDOWS\System32\IMM32.DLL
0x00007ffe02800000 - 0x00007ffe02816000 	C:\Program Files\Java\jdk-11\bin\vcruntime140.dll
0x00007ffdd47f0000 - 0x00007ffdd489a000 	C:\Program Files\Java\jdk-11\bin\msvcp140.dll
0x00007ffd9cee0000 - 0x00007ffd9da22000 	C:\Program Files\Java\jdk-11\bin\server\jvm.dll
0x00007ffe11a20000 - 0x00007ffe11a28000 	C:\WINDOWS\System32\PSAPI.DLL
0x00007ffdf3cf0000 - 0x00007ffdf3cf9000 	C:\WINDOWS\SYSTEM32\WSOCK32.dll
0x00007ffe053b0000 - 0x00007ffe053d4000 	C:\WINDOWS\SYSTEM32\WINMM.dll
0x00007ffe11540000 - 0x00007ffe115af000 	C:\WINDOWS\System32\WS2_32.dll
0x00007ffe052a0000 - 0x00007ffe052cd000 	C:\WINDOWS\SYSTEM32\winmmbase.dll
0x00007ffe0f0e0000 - 0x00007ffe0f12a000 	C:\WINDOWS\System32\cfgmgr32.dll
0x00007ffe0ee00000 - 0x00007ffe0ee11000 	C:\WINDOWS\System32\kernel.appcore.dll
0x00007ffdf9140000 - 0x00007ffdf9151000 	C:\Program Files\Java\jdk-11\bin\verify.dll
0x00007ffe0d680000 - 0x00007ffe0d874000 	C:\WINDOWS\SYSTEM32\DBGHELP.DLL
0x00007ffdf1320000 - 0x00007ffdf134a000 	C:\WINDOWS\SYSTEM32\dbgcore.DLL
0x00007ffdf6de0000 - 0x00007ffdf6e09000 	C:\Program Files\Java\jdk-11\bin\java.dll
0x00007ffe091b0000 - 0x00007ffe091df000 	C:\Program Files\Java\jdk-11\bin\instrument.dll
0x00007ffdf8b10000 - 0x00007ffdf8b26000 	C:\Program Files\Java\jdk-11\bin\zip.dll
0x00007ffe08780000 - 0x00007ffe0878a000 	C:\Program Files\Java\jdk-11\bin\jimage.dll

dbghelp: loaded successfully - version: 4.0.5 - missing functions: none
symbol engine: initialized successfully - sym options: 0x614 - pdb path: .;C:\Program Files\Java\jdk-11\bin;C:\WINDOWS\SYSTEM32;C:\WINDOWS\WinSxS\amd64_microsoft.windows.common-controls_6595b64144ccf1df_6.0.18362.1016_none_9e7a36bbe461dae4;C:\Program Files\Java\jdk-11\bin\server

VM Arguments:
jvm_args: -javaagent:D:\IDEA\IntelliJ IDEA 2019.3.4\lib\idea_rt.jar=12275:D:\IDEA\IntelliJ IDEA 2019.3.4\bin -Dfile.encoding=UTF-8 
java_command: test.FinalTest F:\bigwork_of_compile\src\test\helloworld.txt F:\bigwork_of_compile\src\test\out.o0
java_class_path (initial): F:\bigwork_of_compile\out\production\bigwork_of_compile
Launcher Type: SUN_STANDARD

[Global flags]
     intx CICompilerCount                          = 4                                         {product} {ergonomic}
     uint ConcGCThreads                            = 2                                         {product} {ergonomic}
     uint G1ConcRefinementThreads                  = 8                                         {product} {ergonomic}
   size_t G1HeapRegionSize                         = 1048576                                   {product} {ergonomic}
    uintx GCDrainStackTargetSize                   = 64                                        {product} {ergonomic}
   size_t InitialHeapSize                          = 134217728                                 {product} {ergonomic}
   size_t MarkStackSize                            = 4194304                                   {product} {ergonomic}
   size_t MaxHeapSize                              = 2124414976                                {product} {ergonomic}
   size_t MinHeapDeltaBytes                        = 1048576                                   {product} {ergonomic}
    uintx NonNMethodCodeHeapSize                   = 5835340                                {pd product} {ergonomic}
    uintx NonProfiledCodeHeapSize                  = 122911450                              {pd product} {ergonomic}
    uintx ProfiledCodeHeapSize                     = 122911450                              {pd product} {ergonomic}
    uintx ReservedCodeCacheSize                    = 251658240                              {pd product} {ergonomic}
     bool SegmentedCodeCache                       = true                                      {product} {ergonomic}
     bool UseCompressedClassPointers               = true                                 {lp64_product} {ergonomic}
     bool UseCompressedOops                        = true                                 {lp64_product} {ergonomic}
     bool UseG1GC                                  = true                                      {product} {ergonomic}
     bool UseLargePagesIndividualAllocation        = false                                  {pd product} {ergonomic}

Logging:
Log output configuration:
 #0: stdout all=warning uptime,level,tags
 #1: stderr all=off uptime,level,tags

Environment Variables:
JAVA_HOME=C:\Program Files\Java\jdk-11
CLASSPATH=.;C:\Program Files\Java\jdk-11\lib;C:\Program Files\Java\jdk-11\lib\dt.jar;C:\Program Files\Java\jdk-11\lib\toos.jar;D:\LINGO11\Lingo11.jar
PATH=C:\Program Files\Java\jdk-11;C:\Program Files\Java\jdk-11\bin;"C:\Program Files (x86)\Dev-Cpp\MinGW64\bin;C:\Program Files (x86)\Common Files\Oracle\Java\javapath";C:\ProgramData\Oracle\Java\javapath;C:\Program Files (x86)\Intel\iCLS Client\;C:\Program Files\Intel\iCLS Client\;C:\Windows\system32;C:\Windows;C:\Windows\System32\Wbem;C:\Windows\System32\WindowsPowerShell\v1.0\;C:\Program Files (x86)\Intel\Intel(R) Management Engine Components\DAL;C:\Program Files\Intel\Intel(R) Management Engine Components\DAL;C:\Program Files (x86)\Intel\Intel(R) Management Engine Components\IPT;C:\Program Files\Intel\Intel(R) Management Engine Components\IPT;C:\Windows\System32\OpenSSH\;C:\Program Files (x86)\Java\jdk1.8.0_102\bin;C:\Program Files (x86)\Java\jdk1.8.0_102\jre\bin;C:\Program Files\NVIDIA Corporation\NVIDIA NvDLISR;C:\WINDOWS\system32;C:\WINDOWS;C:\WINDOWS\System32\Wbem;C:\WINDOWS\System32\WindowsPowerShell\v1.0\;C:\WINDOWS\System32\OpenSSH\;F:\mingw64\mingw64\bin;C:\Program Files\Microsoft SQL Server\Client SDK\ODBC\130\Tools\Binn\;C:\Program Files (x86)\Microsoft SQL Server\140\Tools\Binn\;C:\Program Files\Microsoft SQL Server\140\Tools\Binn\;C:\Program Files\Microsoft SQL Server\140\DTS\Binn\;C:\Program Files (x86)\Microsoft SQL Server\150\DTS\Binn\;G:\matlab\runtime\win64;G:\matlab\bin;H:\matlab\runtime\win64;H:\matlab\bin;D:\Git\cmd;D:\mysql-8.0.19-winx64\bin;D:\LINGO11\;".;C:\Program Files\Java\jdk-11\jre\bin";C:\Program Files (x86)\apache-maven-3.6.3\bin;D:\SPSS\JRE\bin;C:\Program Files\nodejs\;J:\Anaconda;J:\Anaconda\Scripts;J:\Anaconda\Library\bin;C:\Gradle\gradle-6.7\bin;C:\Users\62106\AppData\Local\Programs\Python\Python38\Scripts\;C:\Users\62106\AppData\Local\Programs\Python\Python38\;C:\Users\62106\AppData\Local\Microsoft\WindowsApps;C:\FPC\2.2.2\bin\i386-Win32;D:\bandizip\;C:\Users\62106\AppData\Local\Microsoft\WindowsApps;E:\PyCharm\PyCharm Community Edition 2019.1.3\bin;C:\Program Files (x86)\Google\Chrome\Application;D:\fiddler;C:\Users\62106\AppData
USERNAME=62106
OS=Windows_NT
PROCESSOR_IDENTIFIER=Intel64 Family 6 Model 142 Stepping 10, GenuineIntel



---------------  S Y S T E M  ---------------

OS: Windows 10 , 64 bit Build 18362 (10.0.18362.959)

CPU:total 8 (initial active 8) (4 cores per cpu, 2 threads per core) family 6 model 142 stepping 10, cmov, cx8, fxsr, mmx, sse, sse2, sse3, ssse3, sse4.1, sse4.2, popcnt, avx, avx2, aes, clmul, erms, 3dnowpref, lzcnt, ht, tsc, tscinvbit, bmi1, bmi2, adx, fma

Memory: 4k page, system-wide physical 8101M (3506M free)
TotalPageFile size 20901M (AvailPageFile size 4M)
current process WorkingSet (physical memory assigned to process): 14M, peak: 14M
current process commit charge ("private bytes"): 192M, peak: 192M

vm_info: Java HotSpot(TM) 64-Bit Server VM (11+28) for windows-amd64 JRE (11+28), built on Aug 23 2018 03:03:59 by "mach5one" with MS VC++ 15.5 (VS2017)

END.
